
*** Running vivado
    with args -log mux_3bit_4to1.vds -m64 -product Vivado -mode batch -messageDb vivado.pb -notrace -source mux_3bit_4to1.tcl



****** Vivado v2020.1 (64-bit)
  **** SW Build 2902540 on Wed May 27 19:54:49 MDT 2020
  **** IP Build 2902112 on Wed May 27 22:43:36 MDT 2020
    ** Copyright 1986-2020 Xilinx, Inc. All Rights Reserved.

source mux_3bit_4to1.tcl -notrace
Command: synth_design -top mux_3bit_4to1 -part xc7a50ticsg324-1L
Starting synth_design
Attempting to get a license for feature 'Synthesis' and/or device 'xc7a50ti'
INFO: [Common 17-349] Got license for feature 'Synthesis' and/or device 'xc7a50ti'
INFO: [Device 21-403] Loading part xc7a50ticsg324-1L
INFO: [Synth 8-7079] Multithreading enabled for synth_design using a maximum of 2 processes.
INFO: [Synth 8-7078] Launching helper process for spawning children vivado processes
INFO: [Synth 8-7075] Helper process launched with PID 5780
---------------------------------------------------------------------------------
Starting RTL Elaboration : Time (s): cpu = 00:00:03 ; elapsed = 00:00:04 . Memory (MB): peak = 1020.941 ; gain = 0.000
---------------------------------------------------------------------------------
INFO: [Synth 8-638] synthesizing module 'mux_3bit_4to1' [D:/Documents/xpopel25/Digital.electronics.1/labs/03-vivado/multiplexer/multiplexer.srcs/sources_1/new/mux_3bit_4to1.vhd:34]
ERROR: [Synth 8-318] illegal unconstrained array declaration 'f_o' [D:/Documents/xpopel25/Digital.electronics.1/labs/03-vivado/multiplexer/multiplexer.srcs/sources_1/new/mux_3bit_4to1.vhd:26]
ERROR: [Synth 8-285] failed synthesizing module 'mux_3bit_4to1' [D:/Documents/xpopel25/Digital.electronics.1/labs/03-vivado/multiplexer/multiplexer.srcs/sources_1/new/mux_3bit_4to1.vhd:34]
---------------------------------------------------------------------------------
Finished RTL Elaboration : Time (s): cpu = 00:00:04 ; elapsed = 00:00:05 . Memory (MB): peak = 1020.941 ; gain = 0.000
---------------------------------------------------------------------------------
RTL Elaboration failed
INFO: [Common 17-83] Releasing license: Synthesis
7 Infos, 0 Warnings, 0 Critical Warnings and 3 Errors encountered.
synth_design failed
ERROR: [Common 17-69] Command failed: Synthesis failed - please see the console or run log file for details
INFO: [Common 17-206] Exiting Vivado at Wed Mar  2 12:59:23 2022...
