Copyright 1986-2021 Xilinx, Inc. All Rights Reserved.
------------------------------------------------------------------------------------
| Tool Version : Vivado v.2021.2 (win64) Build 3367213 Tue Oct 19 02:48:09 MDT 2021
| Date         : Wed Apr 27 10:20:48 2022
| Host         : MSI running 64-bit major release  (build 9200)
| Command      : report_control_sets -verbose -file top_control_sets_placed.rpt
| Design       : top
| Device       : xc7a50ti
------------------------------------------------------------------------------------

Control Set Information

Table of Contents
-----------------
1. Summary
2. Histogram
3. Flip-Flop Distribution
4. Detailed Control Set Information

1. Summary
----------

+----------------------------------------------------------+-------+
|                          Status                          | Count |
+----------------------------------------------------------+-------+
| Total control sets                                       |     8 |
|    Minimum number of control sets                        |     8 |
|    Addition due to synthesis replication                 |     0 |
|    Addition due to physical synthesis replication        |     0 |
| Unused register locations in slices containing registers |    24 |
+----------------------------------------------------------+-------+
* Control sets can be merged at opt_design using control_set_merge or merge_equivalent_drivers
** Run report_qor_suggestions for automated merging and remapping suggestions


2. Histogram
------------

+--------------------+-------+
|       Fanout       | Count |
+--------------------+-------+
| Total control sets |     8 |
| >= 0 to < 4        |     1 |
| >= 4 to < 6        |     3 |
| >= 6 to < 8        |     0 |
| >= 8 to < 10       |     2 |
| >= 10 to < 12      |     0 |
| >= 12 to < 14      |     0 |
| >= 14 to < 16      |     1 |
| >= 16              |     1 |
+--------------------+-------+
* Control sets can be remapped at either synth_design or opt_design


3. Flip-Flop Distribution
-------------------------

+--------------+-----------------------+------------------------+-----------------+--------------+
| Clock Enable | Synchronous Set/Reset | Asynchronous Set/Reset | Total Registers | Total Slices |
+--------------+-----------------------+------------------------+-----------------+--------------+
| No           | No                    | No                     |               4 |            2 |
| No           | No                    | Yes                    |               0 |            0 |
| No           | Yes                   | No                     |              45 |           17 |
| Yes          | No                    | No                     |               8 |            2 |
| Yes          | No                    | Yes                    |               0 |            0 |
| Yes          | Yes                   | No                     |              31 |           11 |
+--------------+-----------------------+------------------------+-----------------+--------------+


4. Detailed Control Set Information
-----------------------------------

+----------------------+----------------------------------------------------+---------------------------------------+------------------+----------------+--------------+
|     Clock Signal     |                    Enable Signal                   |            Set/Reset Signal           | Slice Load Count | Bel Load Count | Bels / Slice |
+----------------------+----------------------------------------------------+---------------------------------------+------------------+----------------+--------------+
|  CLK100MHZ_IBUF_BUFG | transmitter/baud_rate_clk_reg_n_0                  | reset_IBUF                            |                1 |              1 |         1.00 |
|  CLK100MHZ_IBUF_BUFG |                                                    |                                       |                2 |              4 |         2.00 |
|  CLK100MHZ_IBUF_BUFG | receiver/UART_rx_FSM.bit_duration_count[3]_i_1_n_0 | reset_IBUF                            |                1 |              4 |         4.00 |
|  CLK100MHZ_IBUF_BUFG | transmitter/FSM_onehot_tx_state[3]_i_1_n_0         | reset_IBUF                            |                1 |              4 |         4.00 |
|  CLK100MHZ_IBUF_BUFG | receiver/rx_data_out[7]_i_1_n_0                    | reset_IBUF                            |                4 |              8 |         2.00 |
|  CLK100MHZ_IBUF_BUFG | transmitter/stored_data_0                          |                                       |                2 |              8 |         4.00 |
|  CLK100MHZ_IBUF_BUFG | button/count0_carry__0_n_3                         | button/pause_counter.count[0]_i_1_n_0 |                4 |             14 |         3.50 |
|  CLK100MHZ_IBUF_BUFG |                                                    | reset_IBUF                            |               17 |             45 |         2.65 |
+----------------------+----------------------------------------------------+---------------------------------------+------------------+----------------+--------------+


